[debug] [2023-05-03T08:21:18.377Z] ----------------------------------------------------------------------
[debug] [2023-05-03T08:21:18.378Z] Command:       C:\Program Files\nodejs\node.exe C:\Users\ralph\AppData\Roaming\npm\node_modules\firebase-tools\lib\bin\firebase.js init
[debug] [2023-05-03T08:21:18.379Z] CLI Version:   11.29.1
[debug] [2023-05-03T08:21:18.379Z] Platform:      win32
[debug] [2023-05-03T08:21:18.379Z] Node Version:  v16.17.1
[debug] [2023-05-03T08:21:18.380Z] Time:          Wed May 03 2023 01:21:18 GMT-0700 (Pacific Daylight Time)
[debug] [2023-05-03T08:21:18.380Z] ----------------------------------------------------------------------
[debug] 
[debug] [2023-05-03T08:21:18.387Z] > command requires scopes: ["email","openid","https://www.googleapis.com/auth/cloudplatformprojects.readonly","https://www.googleapis.com/auth/firebase","https://www.googleapis.com/auth/cloud-platform"]
[debug] [2023-05-03T08:21:18.387Z] > authorizing via signed-in user (b00msh0tralph@gmail.com)
[info] 
     ######## #### ########  ######## ########     ###     ######  ########
     ##        ##  ##     ## ##       ##     ##  ##   ##  ##       ##
     ######    ##  ########  ######   ########  #########  ######  ######
     ##        ##  ##    ##  ##       ##     ## ##     ##       ## ##
     ##       #### ##     ## ######## ########  ##     ##  ######  ########

You're about to initialize a Firebase project in this directory:

  C:\Users\ralph\Desktop\ResumeReactWebsite - Copy\src

[info] 
=== Project Setup
[info] 
[info] First, let's associate this project directory with a Firebase project.
[info] You can create multiple project aliases by running firebase use --add, 
[info] but for now we'll just set up a default project.
[info] 
[info] 
=== Hosting Setup
[info] 
[info] Your public directory is the folder (relative to your project directory) that
[info] will contain Hosting assets to be uploaded with firebase deploy. If you
[info] have a build process for your assets, use your build's output directory.
[info] 
